0 info it worked if it ends with ok
1 verbose cli [ '/usr/local/bin/node', '/usr/local/bin/npm', 'publish' ]
2 info using npm@2.14.20
3 info using node@v4.4.1
4 verbose publish [ '.' ]
5 silly cache add args [ '.', null ]
6 verbose cache add spec .
7 silly cache add parsed spec Result {
7 silly cache add   raw: '.',
7 silly cache add   scope: null,
7 silly cache add   name: null,
7 silly cache add   rawSpec: '.',
7 silly cache add   spec: '/Users/venkat/proj/repos/pkgInfo-async',
7 silly cache add   type: 'directory' }
8 verbose addLocalDirectory /Users/venkat/.npm/pkgInfo-async/1.0.0/package.tgz not in flight; packing
9 verbose correctMkdir /Users/venkat/.npm correctMkdir not in flight; initializing
10 verbose tar pack [ '/Users/venkat/.npm/pkgInfo-async/1.0.0/package.tgz',
10 verbose tar pack   '/Users/venkat/proj/repos/pkgInfo-async' ]
11 verbose tarball /Users/venkat/.npm/pkgInfo-async/1.0.0/package.tgz
12 verbose folder /Users/venkat/proj/repos/pkgInfo-async
13 info prepublish pkgInfo-async@1.0.0
14 verbose unsafe-perm in lifecycle true
15 verbose addLocalTarball adding from inside cache /Users/venkat/.npm/pkgInfo-async/1.0.0/package.tgz
16 verbose correctMkdir /Users/venkat/.npm correctMkdir not in flight; initializing
17 silly cache afterAdd pkgInfo-async@1.0.0
18 verbose afterAdd /Users/venkat/.npm/pkgInfo-async/1.0.0/package/package.json not in flight; writing
19 verbose correctMkdir /Users/venkat/.npm correctMkdir not in flight; initializing
20 verbose afterAdd /Users/venkat/.npm/pkgInfo-async/1.0.0/package/package.json written
21 silly publish { name: 'pkgInfo-async',
21 silly publish   version: '1.0.0',
21 silly publish   repository:
21 silly publish    { type: 'git',
21 silly publish      url: 'git+https://github.com/venkatperi/pkgInfo-async.git' },
21 silly publish   preferGlobal: false,
21 silly publish   description: 'Finds closest package.json walking up dir tree from given module/dir',
21 silly publish   dependencies: { 'node-walkup': '^1.0.1' },
21 silly publish   engines: { node: '>= 0.6.0', npm: '>= 1.0.0' },
21 silly publish   bundleDependencies: [],
21 silly publish   main: 'dist/index.js',
21 silly publish   scripts: { prepublish: 'grunt', test: 'mocha' },
21 silly publish   devDependencies:
21 silly publish    { grunt: '^0.4.5',
21 silly publish      'grunt-contrib-clean': '^1.0.0',
21 silly publish      'grunt-contrib-coffee': '^1.0.0',
21 silly publish      'grunt-contrib-watch': '^1.0.0',
21 silly publish      should: '^8.3.0' },
21 silly publish   author:
21 silly publish    { name: 'Venkat Peri',
21 silly publish      email: 'venkatperi@gmail.com',
21 silly publish      url: 'http://www.vperi.com/' },
21 silly publish   license: 'MIT',
21 silly publish   readme: '# PkgInfo\n  Returns (async) the nearest `package.json` file from a module or directory by searching up the directory tree.\n\nPkgInfo uses the `node-walkup` library do its dir walk up / glob\'ing.\n\n## Installation\n\nInstall with npm\n\n```\nnpm install pkgInfo-async\n```\n\n## Example\n\n```javascript\nvar pkgInfo = require("pkgInfo-async")\n\npkgInfo(module, function (err, pkg) {\n  // err is an error object or null.\n  // pkg is the contents of the package.json or null\n})\n```\n\n## pkgInfo(start, cb)\n\n* `start` `{String | Object}`\n  * `{String}` dirname to start looking (upward) from\n  * `{Object}` nodejs module object (uses module.filename or module.id) for starting dir\n* `cb` `{Function(err, pkg)}`\n  * `err` `{Error | null}`\n  * `pkg` `{Object | null}` the contents of `package.json`. Null if none found.\n\nPerform an asynchronous search for `package.json` up the dir tree.\n* If no file is found, returns null.\n* `pkg.dirname` contains the path to the directory where this `package.json` was located.\n\n\n',
21 silly publish   readmeFilename: 'README.md',
21 silly publish   gitHead: '6ce513926b52798938a98d086f1353e2b33086be',
21 silly publish   bugs: { url: 'https://github.com/venkatperi/pkgInfo-async/issues' },
21 silly publish   homepage: 'https://github.com/venkatperi/pkgInfo-async#readme',
21 silly publish   _id: 'pkgInfo-async@1.0.0',
21 silly publish   _shasum: '4f3d49bafacf4e2c9c30e17bad571a5c4113110b',
21 silly publish   _from: '.' }
22 verbose getPublishConfig undefined
23 silly mapToRegistry name pkgInfo-async
24 silly mapToRegistry using default registry
25 silly mapToRegistry registry https://registry.npmjs.org/
26 silly mapToRegistry uri https://registry.npmjs.org/pkgInfo-async
27 verbose publish registryBase https://registry.npmjs.org/
28 silly publish uploading /Users/venkat/.npm/pkgInfo-async/1.0.0/package.tgz
29 verbose request uri https://registry.npmjs.org/pkgInfo-async
30 verbose request sending authorization for write operation
31 info attempt registry request try #1 at 1:39:19 PM
32 verbose request using bearer token for auth
33 verbose request id 6808eb39a6b5a1e2
34 http request PUT https://registry.npmjs.org/pkgInfo-async
35 http 400 https://registry.npmjs.org/pkgInfo-async
36 verbose headers { 'content-type': 'application/json',
36 verbose headers   'cache-control': 'max-age=300',
36 verbose headers   'content-length': '54',
36 verbose headers   'accept-ranges': 'bytes',
36 verbose headers   date: 'Sun, 27 Mar 2016 17:39:20 GMT',
36 verbose headers   via: '1.1 varnish',
36 verbose headers   connection: 'keep-alive',
36 verbose headers   'x-served-by': 'cache-atl6248-ATL',
36 verbose headers   'x-cache': 'MISS',
36 verbose headers   'x-cache-hits': '0',
36 verbose headers   'x-timer': 'S1459100359.720389,VS0,VE689' }
37 verbose request invalidating /Users/venkat/.npm/registry.npmjs.org/pkgInfo-async on PUT
38 error publish Failed PUT 400
39 verbose stack Error: name can no longer contain capital letters : pkgInfo-async
39 verbose stack     at makeError (/usr/local/lib/node_modules/npm/node_modules/npm-registry-client/lib/request.js:264:12)
39 verbose stack     at CachingRegistryClient.<anonymous> (/usr/local/lib/node_modules/npm/node_modules/npm-registry-client/lib/request.js:252:14)
39 verbose stack     at Request._callback (/usr/local/lib/node_modules/npm/node_modules/npm-registry-client/lib/request.js:172:14)
39 verbose stack     at Request.self.callback (/usr/local/lib/node_modules/npm/node_modules/request/request.js:199:22)
39 verbose stack     at emitTwo (events.js:87:13)
39 verbose stack     at Request.emit (events.js:172:7)
39 verbose stack     at Request.<anonymous> (/usr/local/lib/node_modules/npm/node_modules/request/request.js:1036:10)
39 verbose stack     at emitOne (events.js:82:20)
39 verbose stack     at Request.emit (events.js:169:7)
39 verbose stack     at IncomingMessage.<anonymous> (/usr/local/lib/node_modules/npm/node_modules/request/request.js:963:12)
40 verbose statusCode 400
41 verbose pkgid pkgInfo-async
42 verbose cwd /Users/venkat/proj/repos/pkgInfo-async
43 error Darwin 15.4.0
44 error argv "/usr/local/bin/node" "/usr/local/bin/npm" "publish"
45 error node v4.4.1
46 error npm  v2.14.20
47 error code E400
48 error name can no longer contain capital letters : pkgInfo-async
49 error If you need help, you may report this error at:
49 error     <https://github.com/npm/npm/issues>
50 verbose exit [ 1, true ]
